2023-10-15 [Sun] 08:23:22 0804: 日志已自动清理
2023-10-15 [Sun] 08:23:22 1047: V0.04
2023-10-15 [Sun] 08:27:46 1076: V0.04
2023-10-15 [Sun] 08:28:15 0413: V0.04
2023-10-15 [Sun] 08:28:58 5637: V0.04
2023-10-15 [Sun] 08:31:16 0631: V0.04
2023-10-15 [Sun] 08:35:55 0792: V0.04
2023-10-15 [Sun] 08:35:56 4742: [kingst_click] 请输入文件路径,如：E:\config.txt
2023-10-15 [Sun] 08:35:56 4984: V0.04
2023-10-15 [Sun] 08:36:11 6481: V0.04
2023-10-15 [Sun] 08:36:12 9934: [kingst_click] 请输入文件路径,如：E:\config.txt
2023-10-15 [Sun] 08:36:13 0149: V0.04
2023-10-15 [Sun] 08:36:13 1116: KingstBar.Value=0
2023-10-15 [Sun] 08:36:13 2048: KingstBar.Value=0
2023-10-15 [Sun] 08:36:13 3145: KingstBar.Value=0
2023-10-15 [Sun] 08:36:13 4268: KingstBar.Value=0
2023-10-15 [Sun] 08:36:13 5325: KingstBar.Value=0
2023-10-15 [Sun] 08:36:13 6430: KingstBar.Value=0
2023-10-15 [Sun] 08:36:13 7538: KingstBar.Value=0
2023-10-15 [Sun] 08:36:13 8642: KingstBar.Value=0
2023-10-15 [Sun] 08:36:13 9702: KingstBar.Value=0
2023-10-15 [Sun] 08:36:14 0802: KingstBar.Value=0
2023-10-15 [Sun] 08:36:14 1901: KingstBar.Value=0
2023-10-15 [Sun] 08:36:14 2968: KingstBar.Value=0
2023-10-15 [Sun] 08:36:14 4089: KingstBar.Value=0
2023-10-15 [Sun] 08:36:14 4829: [TransformFuncEntry] check path err
2023-10-15 [Sun] 08:36:14 5162: KingstBar.Value=0
2023-10-15 [Sun] 08:36:14 6308: KingstBar.Value=0
2023-10-15 [Sun] 08:36:14 7347: KingstBar.Value=0
2023-10-15 [Sun] 08:36:14 8451: KingstBar.Value=0
2023-10-15 [Sun] 08:36:14 9570: KingstBar.Value=0
2023-10-15 [Sun] 08:36:15 0669: KingstBar.Value=0
2023-10-15 [Sun] 08:36:15 1760: KingstBar.Value=0
2023-10-15 [Sun] 08:36:15 2842: KingstBar.Value=0
2023-10-15 [Sun] 08:36:15 3946: KingstBar.Value=0
2023-10-15 [Sun] 08:36:15 5013: KingstBar.Value=0
2023-10-15 [Sun] 08:36:15 6107: KingstBar.Value=0
2023-10-15 [Sun] 08:36:15 7240: KingstBar.Value=0
2023-10-15 [Sun] 08:36:15 8295: KingstBar.Value=0
2023-10-15 [Sun] 08:36:15 9383: KingstBar.Value=0
2023-10-15 [Sun] 08:36:16 0486: KingstBar.Value=0
2023-10-15 [Sun] 08:36:16 1591: KingstBar.Value=0
2023-10-15 [Sun] 08:36:16 2693: KingstBar.Value=0
2023-10-15 [Sun] 08:36:16 3769: KingstBar.Value=0
2023-10-15 [Sun] 08:36:16 4920: KingstBar.Value=0
2023-10-15 [Sun] 08:36:16 5996: KingstBar.Value=0
2023-10-15 [Sun] 08:36:16 7046: KingstBar.Value=0
2023-10-15 [Sun] 08:36:16 8154: KingstBar.Value=0
2023-10-15 [Sun] 08:36:16 9229: KingstBar.Value=0
2023-10-15 [Sun] 08:36:17 0334: KingstBar.Value=0
2023-10-15 [Sun] 08:36:17 1413: KingstBar.Value=0
2023-10-15 [Sun] 08:36:17 2531: KingstBar.Value=0
2023-10-15 [Sun] 08:36:17 3628: KingstBar.Value=0
2023-10-15 [Sun] 08:36:17 4692: KingstBar.Value=0
2023-10-15 [Sun] 08:36:17 5788: KingstBar.Value=0
2023-10-15 [Sun] 08:36:17 6940: KingstBar.Value=0
2023-10-15 [Sun] 08:36:17 8041: KingstBar.Value=0
2023-10-15 [Sun] 08:36:17 9096: KingstBar.Value=0
2023-10-15 [Sun] 08:36:18 0188: KingstBar.Value=0
2023-10-15 [Sun] 08:36:18 1254: KingstBar.Value=0
2023-10-15 [Sun] 08:36:18 2412: KingstBar.Value=0
2023-10-15 [Sun] 08:36:18 3490: KingstBar.Value=0
2023-10-15 [Sun] 08:36:18 4561: KingstBar.Value=0
2023-10-15 [Sun] 08:36:18 5641: KingstBar.Value=0
2023-10-15 [Sun] 08:36:18 6723: KingstBar.Value=0
2023-10-15 [Sun] 08:36:18 7825: KingstBar.Value=0
2023-10-15 [Sun] 08:36:18 8927: KingstBar.Value=0
2023-10-15 [Sun] 08:36:19 0025: KingstBar.Value=0
2023-10-15 [Sun] 08:36:19 1104: KingstBar.Value=0
2023-10-15 [Sun] 08:36:19 2191: KingstBar.Value=0
2023-10-15 [Sun] 08:36:19 3328: KingstBar.Value=0
2023-10-15 [Sun] 08:36:19 4404: KingstBar.Value=0
2023-10-15 [Sun] 08:36:19 5479: KingstBar.Value=0
2023-10-15 [Sun] 08:36:19 6571: KingstBar.Value=0
2023-10-15 [Sun] 08:36:19 7675: KingstBar.Value=0
2023-10-15 [Sun] 08:36:19 8777: KingstBar.Value=0
2023-10-15 [Sun] 08:36:19 9904: KingstBar.Value=0
2023-10-15 [Sun] 08:36:20 0992: KingstBar.Value=0
2023-10-15 [Sun] 08:36:20 2038: KingstBar.Value=0
2023-10-15 [Sun] 08:36:20 3175: KingstBar.Value=0
2023-10-15 [Sun] 08:36:20 4239: KingstBar.Value=0
2023-10-15 [Sun] 08:36:20 5336: KingstBar.Value=0
2023-10-15 [Sun] 08:36:20 6409: KingstBar.Value=0
2023-10-15 [Sun] 08:36:20 7544: KingstBar.Value=0
2023-10-15 [Sun] 08:36:20 8608: KingstBar.Value=0
2023-10-15 [Sun] 08:36:20 9697: KingstBar.Value=0
2023-10-15 [Sun] 08:36:21 0787: KingstBar.Value=0
2023-10-15 [Sun] 08:36:21 1954: KingstBar.Value=0
2023-10-15 [Sun] 08:36:21 2977: KingstBar.Value=0
2023-10-15 [Sun] 08:36:21 4107: KingstBar.Value=0
2023-10-15 [Sun] 08:36:21 5195: KingstBar.Value=0
2023-10-15 [Sun] 08:36:21 6250: KingstBar.Value=0
2023-10-15 [Sun] 08:36:21 7348: KingstBar.Value=0
2023-10-15 [Sun] 08:36:21 8456: KingstBar.Value=0
2023-10-15 [Sun] 08:36:21 9531: KingstBar.Value=0
2023-10-15 [Sun] 08:36:22 0635: KingstBar.Value=0
2023-10-15 [Sun] 08:36:22 1735: KingstBar.Value=0
2023-10-15 [Sun] 08:36:22 2837: KingstBar.Value=0
2023-10-15 [Sun] 08:36:22 3951: KingstBar.Value=0
2023-10-15 [Sun] 08:36:22 5040: KingstBar.Value=0
2023-10-15 [Sun] 08:36:22 6099: KingstBar.Value=0
2023-10-15 [Sun] 08:36:22 7203: KingstBar.Value=0
2023-10-15 [Sun] 08:36:22 8319: KingstBar.Value=0
2023-10-15 [Sun] 08:36:22 9419: KingstBar.Value=0
2023-10-15 [Sun] 08:36:23 0473: KingstBar.Value=0
2023-10-15 [Sun] 08:36:23 1573: KingstBar.Value=0
2023-10-15 [Sun] 08:36:23 2687: KingstBar.Value=0
2023-10-15 [Sun] 08:36:23 3759: KingstBar.Value=0
2023-10-15 [Sun] 08:36:23 4846: KingstBar.Value=0
2023-10-15 [Sun] 08:36:23 5946: KingstBar.Value=0
2023-10-15 [Sun] 08:36:23 7047: KingstBar.Value=0
2023-10-15 [Sun] 08:36:23 8137: KingstBar.Value=0
2023-10-15 [Sun] 08:36:23 9218: KingstBar.Value=0
2023-10-15 [Sun] 08:36:24 0355: KingstBar.Value=0
2023-10-15 [Sun] 08:36:24 1423: KingstBar.Value=0
2023-10-15 [Sun] 08:36:24 2511: KingstBar.Value=0
2023-10-15 [Sun] 08:36:24 3602: KingstBar.Value=0
2023-10-15 [Sun] 08:36:24 4744: KingstBar.Value=0
2023-10-15 [Sun] 08:36:24 5801: KingstBar.Value=0
2023-10-15 [Sun] 08:36:24 6874: KingstBar.Value=0
2023-10-15 [Sun] 08:36:24 7981: KingstBar.Value=0
2023-10-15 [Sun] 08:36:24 9089: KingstBar.Value=0
2023-10-15 [Sun] 08:36:25 0156: KingstBar.Value=0
2023-10-15 [Sun] 08:36:25 1329: KingstBar.Value=0
2023-10-15 [Sun] 08:36:25 2348: KingstBar.Value=0
2023-10-15 [Sun] 08:36:25 3459: KingstBar.Value=0
2023-10-15 [Sun] 08:36:25 4565: KingstBar.Value=0
2023-10-15 [Sun] 08:36:25 5657: KingstBar.Value=0
2023-10-15 [Sun] 08:36:25 6732: KingstBar.Value=0
2023-10-15 [Sun] 08:36:25 7853: KingstBar.Value=0
2023-10-15 [Sun] 08:36:25 8907: KingstBar.Value=0
2023-10-15 [Sun] 08:36:26 0011: KingstBar.Value=0
2023-10-15 [Sun] 08:36:26 1100: KingstBar.Value=0
2023-10-15 [Sun] 08:36:26 2210: KingstBar.Value=0
2023-10-15 [Sun] 08:36:26 3308: KingstBar.Value=0
2023-10-15 [Sun] 08:36:26 4387: KingstBar.Value=0
2023-10-15 [Sun] 08:36:26 5477: KingstBar.Value=0
2023-10-15 [Sun] 08:36:26 6613: KingstBar.Value=0
2023-10-15 [Sun] 08:36:26 7683: KingstBar.Value=0
2023-10-15 [Sun] 08:36:26 8767: KingstBar.Value=0
2023-10-15 [Sun] 08:36:26 9849: KingstBar.Value=0
2023-10-15 [Sun] 08:51:52 0086: V0.04
2023-10-15 [Sun] 08:52:04 3340: V0.04
2023-10-15 [Sun] 08:53:09 1070: V0.04
2023-10-15 [Sun] 08:54:58 4493: V0.04
2023-10-15 [Sun] 08:56:49 7972: V0.04
2023-10-15 [Sun] 08:58:05 3212: V0.04
2023-10-15 [Sun] 08:58:07 2051: [kingst_click] 请输入文件路径,如：E:\config.txt
2023-10-15 [Sun] 08:58:07 2304: V0.04
2023-10-15 [Sun] 08:58:07 3414: KingstBar.Value=0
2023-10-15 [Sun] 08:58:07 4243: KingstBar.Value=0
2023-10-15 [Sun] 08:58:07 5320: KingstBar.Value=0
2023-10-15 [Sun] 08:58:07 6421: KingstBar.Value=0
2023-10-15 [Sun] 08:58:07 7502: KingstBar.Value=0
2023-10-15 [Sun] 08:58:07 8598: KingstBar.Value=0
2023-10-15 [Sun] 08:58:07 9691: KingstBar.Value=0
2023-10-15 [Sun] 08:58:08 0818: KingstBar.Value=0
2023-10-15 [Sun] 08:58:08 1939: KingstBar.Value=0
2023-10-15 [Sun] 08:58:08 2970: KingstBar.Value=0
2023-10-15 [Sun] 08:58:08 4086: KingstBar.Value=0
2023-10-15 [Sun] 08:58:08 5175: KingstBar.Value=0
2023-10-15 [Sun] 08:58:08 5570: [TransformFuncEntry] check path err
2023-10-15 [Sun] 08:58:08 6294: KingstBar.Value=0
2023-10-15 [Sun] 08:58:08 7377: KingstBar.Value=0
2023-10-15 [Sun] 08:58:08 8454: KingstBar.Value=0
2023-10-15 [Sun] 08:58:08 9572: KingstBar.Value=0
2023-10-15 [Sun] 08:58:09 0624: KingstBar.Value=0
2023-10-15 [Sun] 08:58:09 1764: KingstBar.Value=0
2023-10-15 [Sun] 08:58:09 2818: KingstBar.Value=0
2023-10-15 [Sun] 08:58:09 3916: KingstBar.Value=0
2023-10-15 [Sun] 08:58:09 5024: KingstBar.Value=0
2023-10-15 [Sun] 08:58:09 6100: KingstBar.Value=0
2023-10-15 [Sun] 08:58:09 7187: KingstBar.Value=0
2023-10-15 [Sun] 08:58:09 8332: KingstBar.Value=0
2023-10-15 [Sun] 08:58:09 9387: KingstBar.Value=0
2023-10-15 [Sun] 08:58:10 0510: KingstBar.Value=0
2023-10-15 [Sun] 08:58:10 1581: KingstBar.Value=0
2023-10-15 [Sun] 08:58:10 2667: KingstBar.Value=0
2023-10-15 [Sun] 08:58:10 3804: KingstBar.Value=0
2023-10-15 [Sun] 08:58:10 4859: KingstBar.Value=0
2023-10-15 [Sun] 08:58:10 5953: KingstBar.Value=0
2023-10-15 [Sun] 08:58:10 7101: KingstBar.Value=0
2023-10-15 [Sun] 08:58:10 8198: KingstBar.Value=0
2023-10-15 [Sun] 08:58:10 9261: KingstBar.Value=0
2023-10-15 [Sun] 08:58:11 0328: KingstBar.Value=0
2023-10-15 [Sun] 08:58:11 1414: KingstBar.Value=0
2023-10-15 [Sun] 08:58:11 2547: KingstBar.Value=0
2023-10-15 [Sun] 08:58:11 3632: KingstBar.Value=0
2023-10-15 [Sun] 08:58:11 4701: KingstBar.Value=0
2023-10-15 [Sun] 08:58:11 5826: KingstBar.Value=0
2023-10-15 [Sun] 08:58:11 6887: KingstBar.Value=0
2023-10-15 [Sun] 08:58:11 7991: KingstBar.Value=0
2023-10-15 [Sun] 08:58:11 9069: KingstBar.Value=0
2023-10-15 [Sun] 08:58:12 0163: KingstBar.Value=0
2023-10-15 [Sun] 08:58:12 1286: KingstBar.Value=0
2023-10-15 [Sun] 08:58:12 2374: KingstBar.Value=0
2023-10-15 [Sun] 08:58:12 3468: KingstBar.Value=0
2023-10-15 [Sun] 08:58:12 4558: KingstBar.Value=0
2023-10-15 [Sun] 08:58:12 5642: KingstBar.Value=0
2023-10-15 [Sun] 08:58:12 6719: KingstBar.Value=0
2023-10-15 [Sun] 08:58:12 7831: KingstBar.Value=0
2023-10-15 [Sun] 08:58:12 8910: KingstBar.Value=0
2023-10-15 [Sun] 08:58:13 0018: KingstBar.Value=0
2023-10-15 [Sun] 08:58:13 1107: KingstBar.Value=0
2023-10-15 [Sun] 08:58:13 2203: KingstBar.Value=0
2023-10-15 [Sun] 08:58:13 3287: KingstBar.Value=0
2023-10-15 [Sun] 08:58:13 4394: KingstBar.Value=0
2023-10-15 [Sun] 08:58:13 5487: KingstBar.Value=0
2023-10-15 [Sun] 08:58:13 6577: KingstBar.Value=0
2023-10-15 [Sun] 08:58:13 7680: KingstBar.Value=0
2023-10-15 [Sun] 08:58:13 8809: KingstBar.Value=0
2023-10-15 [Sun] 08:58:13 9880: KingstBar.Value=0
2023-10-15 [Sun] 08:58:14 0957: KingstBar.Value=0
2023-10-15 [Sun] 08:58:14 2050: KingstBar.Value=0
2023-10-15 [Sun] 08:58:14 3183: KingstBar.Value=0
2023-10-15 [Sun] 08:58:14 4232: KingstBar.Value=0
2023-10-15 [Sun] 08:58:14 5340: KingstBar.Value=0
2023-10-15 [Sun] 08:58:14 6423: KingstBar.Value=0
2023-10-15 [Sun] 08:58:14 7514: KingstBar.Value=0
2023-10-15 [Sun] 08:58:14 8628: KingstBar.Value=0
2023-10-15 [Sun] 08:58:14 9711: KingstBar.Value=0
2023-10-15 [Sun] 08:58:15 0811: KingstBar.Value=0
2023-10-15 [Sun] 08:58:15 1937: KingstBar.Value=0
2023-10-15 [Sun] 08:58:15 2994: KingstBar.Value=0
2023-10-15 [Sun] 08:58:15 4069: KingstBar.Value=0
2023-10-15 [Sun] 08:58:15 5175: KingstBar.Value=0
2023-10-15 [Sun] 08:58:15 6272: KingstBar.Value=0
2023-10-15 [Sun] 08:58:15 7378: KingstBar.Value=0
2023-10-15 [Sun] 08:58:15 8440: KingstBar.Value=0
2023-10-15 [Sun] 08:58:15 9577: KingstBar.Value=0
2023-10-15 [Sun] 08:58:16 0638: KingstBar.Value=0
2023-10-15 [Sun] 08:58:16 1720: KingstBar.Value=0
2023-10-15 [Sun] 08:58:16 2920: KingstBar.Value=0
2023-10-15 [Sun] 08:58:16 3906: KingstBar.Value=0
2023-10-15 [Sun] 09:11:51 3584: V0.04
2023-10-15 [Sun] 09:12:26 8390: V0.04
2023-10-15 [Sun] 09:18:50 0655: V0.04
2023-10-15 [Sun] 09:20:51 1643: V0.04
2023-10-15 [Sun] 09:21:11 8486: V0.04
2023-10-15 [Sun] 09:23:02 9044: V0.04
2023-10-15 [Sun] 09:24:14 2294: V0.04
2023-10-15 [Sun] 09:24:53 9200: V0.04
2023-10-15 [Sun] 09:25:27 9224: V0.04
2023-10-15 [Sun] 09:26:39 3706: V0.04
2023-10-15 [Sun] 09:27:27 9280: V0.04
2023-10-15 [Sun] 09:28:10 7544: V0.04
2023-10-15 [Sun] 09:28:50 6474: V0.04
2023-10-15 [Sun] 09:31:24 2678: V0.04
2023-10-15 [Sun] 09:32:54 8260: V0.04
2023-10-15 [Sun] 09:32:59 7177: [kingst_click] 请输入文件路径,如：E:\config.txt
2023-10-15 [Sun] 09:32:59 7473: V0.04
2023-10-15 [Sun] 09:32:59 8957: KingstBar.Value=0
2023-10-15 [Sun] 09:32:59 9376: KingstBar.Value=0
2023-10-15 [Sun] 09:33:00 0469: KingstBar.Value=0
2023-10-15 [Sun] 09:33:00 1594: KingstBar.Value=0
2023-10-15 [Sun] 09:33:00 2666: KingstBar.Value=0
2023-10-15 [Sun] 09:33:00 3750: KingstBar.Value=0
2023-10-15 [Sun] 09:33:00 4876: KingstBar.Value=0
2023-10-15 [Sun] 09:33:00 5949: KingstBar.Value=0
2023-10-15 [Sun] 09:33:00 7071: KingstBar.Value=0
2023-10-15 [Sun] 09:33:00 8128: KingstBar.Value=0
2023-10-15 [Sun] 09:33:00 9288: KingstBar.Value=0
2023-10-15 [Sun] 09:33:01 0315: KingstBar.Value=0
2023-10-15 [Sun] 09:33:01 1507: [TransformFuncEntry] check path err
2023-10-15 [Sun] 09:33:01 1670: KingstBar.Value=0
2023-10-15 [Sun] 09:33:01 2503: KingstBar.Value=0
2023-10-15 [Sun] 09:33:01 3598: KingstBar.Value=0
2023-10-15 [Sun] 09:33:01 4716: KingstBar.Value=0
2023-10-15 [Sun] 09:33:01 5796: KingstBar.Value=0
2023-10-15 [Sun] 09:33:01 6888: KingstBar.Value=0
2023-10-15 [Sun] 09:33:01 7968: KingstBar.Value=0
2023-10-15 [Sun] 09:33:01 9080: KingstBar.Value=0
2023-10-15 [Sun] 09:33:02 0175: KingstBar.Value=0
2023-10-15 [Sun] 09:33:02 1308: KingstBar.Value=0
2023-10-15 [Sun] 09:33:02 2410: KingstBar.Value=0
2023-10-15 [Sun] 09:33:02 3464: KingstBar.Value=0
2023-10-15 [Sun] 09:33:02 4541: KingstBar.Value=0
2023-10-15 [Sun] 09:33:02 5644: KingstBar.Value=0
2023-10-15 [Sun] 09:33:02 6722: KingstBar.Value=0
2023-10-15 [Sun] 09:33:02 7815: KingstBar.Value=0
2023-10-15 [Sun] 09:33:02 8924: KingstBar.Value=0
2023-10-15 [Sun] 09:33:03 0066: KingstBar.Value=0
2023-10-15 [Sun] 09:33:03 1154: KingstBar.Value=0
2023-10-15 [Sun] 09:33:03 2191: KingstBar.Value=0
2023-10-15 [Sun] 09:33:03 3292: KingstBar.Value=0
2023-10-15 [Sun] 09:33:03 4404: KingstBar.Value=0
2023-10-15 [Sun] 09:33:03 5475: KingstBar.Value=0
2023-10-15 [Sun] 09:33:03 6561: KingstBar.Value=0
2023-10-15 [Sun] 09:33:03 7672: KingstBar.Value=0
2023-10-15 [Sun] 09:33:03 8753: KingstBar.Value=0
2023-10-15 [Sun] 09:33:03 9861: KingstBar.Value=0
2023-10-15 [Sun] 09:33:04 0937: KingstBar.Value=0
2023-10-15 [Sun] 09:33:04 2069: KingstBar.Value=0
2023-10-15 [Sun] 09:33:04 3193: KingstBar.Value=0
2023-10-15 [Sun] 09:33:04 4221: KingstBar.Value=0
2023-10-15 [Sun] 09:33:04 5336: KingstBar.Value=0
2023-10-15 [Sun] 09:33:04 6414: KingstBar.Value=0
2023-10-15 [Sun] 09:33:04 7531: KingstBar.Value=0
2023-10-15 [Sun] 09:33:04 8639: KingstBar.Value=0
2023-10-15 [Sun] 09:33:04 9694: KingstBar.Value=0
2023-10-15 [Sun] 09:33:05 0827: KingstBar.Value=0
2023-10-15 [Sun] 09:33:05 1897: KingstBar.Value=0
2023-10-15 [Sun] 09:33:05 2995: KingstBar.Value=0
2023-10-15 [Sun] 09:33:05 4095: KingstBar.Value=0
2023-10-15 [Sun] 09:33:05 5178: KingstBar.Value=0
2023-10-15 [Sun] 09:33:32 2781: V0.04
2023-10-15 [Sun] 09:33:33 6712: [kingst_click] 请输入文件路径,如：E:\config.txt
2023-10-15 [Sun] 09:33:33 7003: V0.04
2023-10-15 [Sun] 09:33:33 8070: KingstBar.Value=0
2023-10-15 [Sun] 09:33:33 8912: KingstBar.Value=0
2023-10-15 [Sun] 09:33:34 0040: KingstBar.Value=0
2023-10-15 [Sun] 09:33:34 1145: KingstBar.Value=0
2023-10-15 [Sun] 09:33:34 2205: KingstBar.Value=0
2023-10-15 [Sun] 09:33:34 3326: KingstBar.Value=0
2023-10-15 [Sun] 09:33:34 4430: KingstBar.Value=0
2023-10-15 [Sun] 09:33:34 5485: KingstBar.Value=0
2023-10-15 [Sun] 09:33:34 6674: [TransformFuncEntry] check path err
2023-10-15 [Sun] 09:33:34 6839: KingstBar.Value=0
2023-10-15 [Sun] 09:33:34 7669: KingstBar.Value=0
2023-10-15 [Sun] 09:33:34 8805: KingstBar.Value=0
2023-10-15 [Sun] 09:33:34 9853: KingstBar.Value=0
2023-10-15 [Sun] 09:33:35 0941: KingstBar.Value=0
2023-10-15 [Sun] 09:33:35 2044: KingstBar.Value=0
2023-10-15 [Sun] 09:33:35 3193: KingstBar.Value=0
2023-10-15 [Sun] 09:33:35 4231: KingstBar.Value=0
2023-10-15 [Sun] 09:33:35 5324: KingstBar.Value=0
2023-10-15 [Sun] 09:33:35 6415: KingstBar.Value=0
2023-10-15 [Sun] 09:33:35 7524: KingstBar.Value=0
2023-10-15 [Sun] 09:33:35 8597: KingstBar.Value=0
2023-10-15 [Sun] 09:33:35 9701: KingstBar.Value=0
2023-10-15 [Sun] 09:33:36 0800: KingstBar.Value=0
2023-10-15 [Sun] 09:33:36 1937: KingstBar.Value=0
2023-10-15 [Sun] 09:33:36 2977: KingstBar.Value=0
2023-10-15 [Sun] 09:33:36 4098: KingstBar.Value=0
2023-10-15 [Sun] 09:33:36 5167: KingstBar.Value=0
2023-10-15 [Sun] 09:33:36 6285: KingstBar.Value=0
2023-10-15 [Sun] 09:33:36 7360: KingstBar.Value=0
2023-10-15 [Sun] 09:33:36 8448: KingstBar.Value=0
2023-10-15 [Sun] 09:33:36 9558: KingstBar.Value=0
2023-10-15 [Sun] 09:33:37 0652: KingstBar.Value=0
2023-10-15 [Sun] 09:33:37 1718: KingstBar.Value=0
2023-10-15 [Sun] 09:33:37 2836: KingstBar.Value=0
2023-10-15 [Sun] 09:33:37 3920: KingstBar.Value=0
2023-10-15 [Sun] 09:33:37 5057: KingstBar.Value=0
2023-10-15 [Sun] 09:33:37 6161: KingstBar.Value=0
2023-10-15 [Sun] 09:33:37 7203: KingstBar.Value=0
2023-10-15 [Sun] 09:33:37 8313: KingstBar.Value=0
2023-10-15 [Sun] 09:33:37 9400: KingstBar.Value=0
2023-10-15 [Sun] 09:33:38 0477: KingstBar.Value=0
2023-10-15 [Sun] 09:33:38 1562: KingstBar.Value=0
2023-10-15 [Sun] 09:35:07 3854: V0.04
2023-10-15 [Sun] 09:35:13 0225: [kingst_click] D:\code\git_code\C#\Nice\Nice\bin\Debug\standard_kingst.txt
2023-10-15 [Sun] 09:35:13 0531: V0.04
2023-10-15 [Sun] 09:36:36 6047: V0.04
2023-10-15 [Sun] 09:36:39 9577: [kingst_click] D:\code\git_code\C#\Nice\Nice\bin\Debug\standard_kingst.txt
2023-10-15 [Sun] 09:36:39 9873: V0.04
2023-10-15 [Sun] 09:37:14 7120: KingstBar.Value=0
2023-10-15 [Sun] 09:37:14 7135: KingstBar.Value=10
2023-10-15 [Sun] 09:37:14 7401: KingstBar.Value=0
2023-10-15 [Sun] 09:37:14 7665: KingstBar.Value=10
2023-10-15 [Sun] 09:37:14 8441: KingstBar.Value=0
2023-10-15 [Sun] 09:37:14 8775: KingstBar.Value=10
2023-10-15 [Sun] 09:37:14 9551: KingstBar.Value=0
2023-10-15 [Sun] 09:37:14 9848: KingstBar.Value=10
2023-10-15 [Sun] 09:37:15 0659: KingstBar.Value=0
2023-10-15 [Sun] 09:37:15 0939: KingstBar.Value=10
2023-10-15 [Sun] 09:37:15 1777: KingstBar.Value=0
2023-10-15 [Sun] 09:37:15 2052: KingstBar.Value=10
2023-10-15 [Sun] 09:37:15 2815: KingstBar.Value=0
2023-10-15 [Sun] 09:37:15 3174: KingstBar.Value=10
2023-10-15 [Sun] 09:37:15 3922: KingstBar.Value=0
2023-10-15 [Sun] 09:37:15 4274: KingstBar.Value=10
2023-10-15 [Sun] 09:37:15 5046: KingstBar.Value=0
2023-10-15 [Sun] 09:37:15 5332: KingstBar.Value=10
2023-10-15 [Sun] 09:37:15 6141: KingstBar.Value=0
2023-10-15 [Sun] 09:37:15 6426: KingstBar.Value=10
2023-10-15 [Sun] 09:37:15 7189: KingstBar.Value=0
2023-10-15 [Sun] 09:37:15 7542: KingstBar.Value=10
2023-10-15 [Sun] 09:37:15 8319: KingstBar.Value=0
2023-10-15 [Sun] 09:37:15 8599: KingstBar.Value=10
2023-10-15 [Sun] 09:37:15 9407: KingstBar.Value=0
2023-10-15 [Sun] 09:37:15 9707: KingstBar.Value=10
2023-10-15 [Sun] 09:37:16 0474: KingstBar.Value=0
2023-10-15 [Sun] 09:37:16 0796: KingstBar.Value=10
2023-10-15 [Sun] 09:37:16 1590: KingstBar.Value=0
2023-10-15 [Sun] 09:37:16 1920: KingstBar.Value=10
2023-10-15 [Sun] 09:37:16 2680: KingstBar.Value=0
2023-10-15 [Sun] 09:37:16 2982: KingstBar.Value=10
2023-10-15 [Sun] 09:37:16 3760: KingstBar.Value=0
2023-10-15 [Sun] 09:37:16 4081: KingstBar.Value=10
2023-10-15 [Sun] 09:37:16 4846: KingstBar.Value=0
2023-10-15 [Sun] 09:37:16 5173: KingstBar.Value=10
2023-10-15 [Sun] 09:37:16 5941: KingstBar.Value=0
2023-10-15 [Sun] 09:37:16 6322: KingstBar.Value=10
2023-10-15 [Sun] 09:37:16 7033: KingstBar.Value=0
2023-10-15 [Sun] 09:37:16 7351: KingstBar.Value=10
2023-10-15 [Sun] 09:37:16 8146: KingstBar.Value=0
2023-10-15 [Sun] 09:37:16 8454: KingstBar.Value=10
2023-10-15 [Sun] 09:37:16 9272: KingstBar.Value=0
2023-10-15 [Sun] 09:37:16 9545: KingstBar.Value=10
2023-10-15 [Sun] 09:37:17 0327: KingstBar.Value=0
2023-10-15 [Sun] 09:37:17 0644: KingstBar.Value=10
2023-10-15 [Sun] 09:37:17 1415: KingstBar.Value=0
2023-10-15 [Sun] 09:37:17 1718: KingstBar.Value=10
2023-10-15 [Sun] 09:37:17 2548: KingstBar.Value=0
2023-10-15 [Sun] 09:37:17 2826: KingstBar.Value=10
2023-10-15 [Sun] 09:37:17 3643: KingstBar.Value=0
2023-10-15 [Sun] 09:37:17 3916: KingstBar.Value=10
2023-10-15 [Sun] 09:37:17 4711: KingstBar.Value=0
2023-10-15 [Sun] 09:37:17 5078: KingstBar.Value=10
2023-10-15 [Sun] 09:37:17 5796: KingstBar.Value=0
2023-10-15 [Sun] 09:37:17 6146: KingstBar.Value=10
2023-10-15 [Sun] 09:37:17 6942: KingstBar.Value=0
2023-10-15 [Sun] 09:37:17 7212: KingstBar.Value=10
2023-10-15 [Sun] 09:37:17 8012: KingstBar.Value=0
2023-10-15 [Sun] 09:37:17 8314: KingstBar.Value=10
2023-10-15 [Sun] 09:37:17 9065: KingstBar.Value=0
2023-10-15 [Sun] 09:37:17 9375: KingstBar.Value=10
2023-10-15 [Sun] 09:37:18 0172: KingstBar.Value=0
2023-10-15 [Sun] 09:37:18 0468: KingstBar.Value=10
2023-10-15 [Sun] 09:37:18 1259: KingstBar.Value=0
2023-10-15 [Sun] 09:37:18 1574: KingstBar.Value=10
2023-10-15 [Sun] 09:37:18 2411: KingstBar.Value=0
2023-10-15 [Sun] 09:37:18 2656: KingstBar.Value=10
2023-10-15 [Sun] 09:37:18 3450: KingstBar.Value=0
2023-10-15 [Sun] 09:37:18 3804: KingstBar.Value=10
2023-10-15 [Sun] 09:37:18 4570: KingstBar.Value=0
2023-10-15 [Sun] 09:37:18 4859: KingstBar.Value=10
2023-10-15 [Sun] 09:37:18 5633: KingstBar.Value=0
2023-10-15 [Sun] 09:37:18 5949: KingstBar.Value=10
2023-10-15 [Sun] 09:37:18 6727: KingstBar.Value=0
2023-10-15 [Sun] 09:37:18 7056: KingstBar.Value=10
2023-10-15 [Sun] 09:37:18 7820: KingstBar.Value=0
2023-10-15 [Sun] 09:37:18 8197: KingstBar.Value=10
2023-10-15 [Sun] 09:37:18 8911: KingstBar.Value=0
2023-10-15 [Sun] 09:37:18 9284: KingstBar.Value=10
2023-10-15 [Sun] 09:37:19 0052: KingstBar.Value=0
2023-10-15 [Sun] 09:37:19 0341: KingstBar.Value=10
2023-10-15 [Sun] 09:37:19 1140: KingstBar.Value=0
2023-10-15 [Sun] 09:37:19 1419: KingstBar.Value=10
2023-10-15 [Sun] 09:37:19 2194: KingstBar.Value=0
2023-10-15 [Sun] 09:37:19 2523: KingstBar.Value=10
2023-10-15 [Sun] 09:37:19 3292: KingstBar.Value=0
2023-10-15 [Sun] 09:37:19 3611: KingstBar.Value=10
2023-10-15 [Sun] 09:37:19 4376: KingstBar.Value=0
2023-10-15 [Sun] 09:37:19 4705: KingstBar.Value=10
2023-10-15 [Sun] 09:37:19 5485: KingstBar.Value=0
2023-10-15 [Sun] 09:37:19 5782: KingstBar.Value=10
2023-10-15 [Sun] 09:37:19 6584: KingstBar.Value=0
2023-10-15 [Sun] 09:37:19 6933: KingstBar.Value=10
2023-10-15 [Sun] 09:37:19 7666: KingstBar.Value=0
2023-10-15 [Sun] 09:37:19 8011: KingstBar.Value=10
2023-10-15 [Sun] 09:37:19 8789: KingstBar.Value=0
2023-10-15 [Sun] 09:37:19 9065: KingstBar.Value=10
2023-10-15 [Sun] 09:37:19 9849: KingstBar.Value=0
2023-10-15 [Sun] 09:37:20 0170: KingstBar.Value=10
2023-10-15 [Sun] 09:37:20 0955: KingstBar.Value=0
2023-10-15 [Sun] 09:37:20 1251: KingstBar.Value=10
2023-10-15 [Sun] 09:37:20 2037: KingstBar.Value=0
2023-10-15 [Sun] 09:37:20 2410: KingstBar.Value=10
2023-10-15 [Sun] 09:37:20 3140: KingstBar.Value=0
2023-10-15 [Sun] 09:37:20 3452: KingstBar.Value=10
2023-10-15 [Sun] 09:37:20 4272: KingstBar.Value=0
2023-10-15 [Sun] 09:37:20 4569: KingstBar.Value=10
2023-10-15 [Sun] 09:37:20 5346: KingstBar.Value=0
2023-10-15 [Sun] 09:37:20 5634: KingstBar.Value=10
2023-10-15 [Sun] 09:37:20 6419: KingstBar.Value=0
2023-10-15 [Sun] 09:37:20 6720: KingstBar.Value=10
2023-10-15 [Sun] 09:37:20 7536: KingstBar.Value=0
2023-10-15 [Sun] 09:37:20 7824: KingstBar.Value=10
2023-10-15 [Sun] 09:37:20 8647: KingstBar.Value=0
2023-10-15 [Sun] 09:37:20 8921: KingstBar.Value=10
2023-10-15 [Sun] 09:37:20 9687: KingstBar.Value=0
2023-10-15 [Sun] 09:37:21 0054: KingstBar.Value=10
2023-10-15 [Sun] 09:37:21 0799: KingstBar.Value=0
2023-10-15 [Sun] 09:37:21 1162: KingstBar.Value=10
2023-10-15 [Sun] 09:37:21 1877: KingstBar.Value=0
2023-10-15 [Sun] 09:37:21 2197: KingstBar.Value=10
2023-10-15 [Sun] 09:37:21 2995: KingstBar.Value=0
2023-10-15 [Sun] 09:37:21 3300: KingstBar.Value=10
2023-10-15 [Sun] 09:37:21 4075: KingstBar.Value=0
2023-10-15 [Sun] 09:37:21 4397: KingstBar.Value=10
2023-10-15 [Sun] 09:37:21 5158: KingstBar.Value=0
2023-10-15 [Sun] 09:37:21 5534: KingstBar.Value=10
2023-10-15 [Sun] 09:37:21 6298: KingstBar.Value=0
2023-10-15 [Sun] 09:37:21 6586: KingstBar.Value=10
2023-10-15 [Sun] 09:37:21 7362: KingstBar.Value=0
2023-10-15 [Sun] 09:37:21 7681: KingstBar.Value=10
2023-10-15 [Sun] 09:37:21 8446: KingstBar.Value=0
2023-10-15 [Sun] 09:37:21 8849: KingstBar.Value=10
2023-10-15 [Sun] 09:37:21 9568: KingstBar.Value=0
2023-10-15 [Sun] 09:37:21 9911: KingstBar.Value=10
2023-10-15 [Sun] 09:37:22 0635: KingstBar.Value=0
2023-10-15 [Sun] 09:37:22 0950: KingstBar.Value=10
2023-10-15 [Sun] 09:37:22 1775: KingstBar.Value=0
2023-10-15 [Sun] 09:37:22 2040: KingstBar.Value=10
2023-10-15 [Sun] 09:37:22 2818: KingstBar.Value=0
2023-10-15 [Sun] 09:37:22 3183: KingstBar.Value=10
2023-10-15 [Sun] 09:37:22 3918: KingstBar.Value=0
2023-10-15 [Sun] 09:37:22 4242: KingstBar.Value=10
2023-10-15 [Sun] 09:37:22 5056: KingstBar.Value=0
2023-10-15 [Sun] 09:37:22 5330: KingstBar.Value=10
2023-10-15 [Sun] 09:37:22 6159: KingstBar.Value=0
2023-10-15 [Sun] 09:37:22 6412: KingstBar.Value=10
2023-10-15 [Sun] 09:37:22 7202: KingstBar.Value=0
2023-10-15 [Sun] 09:37:22 7505: KingstBar.Value=10
2023-10-15 [Sun] 09:37:22 8302: KingstBar.Value=0
2023-10-15 [Sun] 09:37:22 8600: KingstBar.Value=10
2023-10-15 [Sun] 09:37:22 9385: KingstBar.Value=0
2023-10-15 [Sun] 09:37:22 9695: KingstBar.Value=10
2023-10-15 [Sun] 09:37:23 0468: KingstBar.Value=0
2023-10-15 [Sun] 09:37:23 0783: KingstBar.Value=10
2023-10-15 [Sun] 09:37:23 1564: KingstBar.Value=0
2023-10-15 [Sun] 09:37:23 1884: KingstBar.Value=10
2023-10-15 [Sun] 09:37:23 2667: KingstBar.Value=0
2023-10-15 [Sun] 09:37:23 3027: KingstBar.Value=10
2023-10-15 [Sun] 09:37:23 3797: KingstBar.Value=0
2023-10-15 [Sun] 09:37:23 4085: KingstBar.Value=10
2023-10-15 [Sun] 09:37:23 4852: KingstBar.Value=0
2023-10-15 [Sun] 09:37:23 5169: KingstBar.Value=10
2023-10-15 [Sun] 09:37:23 5948: KingstBar.Value=0
2023-10-15 [Sun] 09:37:23 6292: KingstBar.Value=10
2023-10-15 [Sun] 09:37:23 7060: KingstBar.Value=0
2023-10-15 [Sun] 09:37:23 7401: KingstBar.Value=10
2023-10-15 [Sun] 09:37:23 8148: KingstBar.Value=0
2023-10-15 [Sun] 09:37:23 8438: KingstBar.Value=10
2023-10-15 [Sun] 09:37:23 9228: KingstBar.Value=0
2023-10-15 [Sun] 09:37:23 9538: KingstBar.Value=10
2023-10-15 [Sun] 09:37:24 0347: KingstBar.Value=0
2023-10-15 [Sun] 09:37:24 0651: KingstBar.Value=10
2023-10-15 [Sun] 09:37:24 1425: KingstBar.Value=0
2023-10-15 [Sun] 09:37:24 1735: KingstBar.Value=10
2023-10-15 [Sun] 09:37:24 2554: KingstBar.Value=0
2023-10-15 [Sun] 09:37:24 2845: KingstBar.Value=10
2023-10-15 [Sun] 09:37:24 3668: KingstBar.Value=0
2023-10-15 [Sun] 09:37:24 3923: KingstBar.Value=10
2023-10-15 [Sun] 09:37:24 4701: KingstBar.Value=0
2023-10-15 [Sun] 09:37:24 5014: KingstBar.Value=10
2023-10-15 [Sun] 09:37:24 5797: KingstBar.Value=0
2023-10-15 [Sun] 09:37:24 6159: KingstBar.Value=10
2023-10-15 [Sun] 09:37:24 6928: KingstBar.Value=0
2023-10-15 [Sun] 09:37:24 7195: KingstBar.Value=10
2023-10-15 [Sun] 09:37:24 8009: KingstBar.Value=0
2023-10-15 [Sun] 09:37:24 8302: KingstBar.Value=10
2023-10-15 [Sun] 09:37:24 9069: KingstBar.Value=0
2023-10-15 [Sun] 09:37:24 9398: KingstBar.Value=10
2023-10-15 [Sun] 09:37:25 0158: KingstBar.Value=0
2023-10-15 [Sun] 09:37:25 0492: KingstBar.Value=10
2023-10-15 [Sun] 09:37:25 1260: KingstBar.Value=0
2023-10-15 [Sun] 09:37:25 1567: KingstBar.Value=10
2023-10-15 [Sun] 09:37:25 2410: KingstBar.Value=0
2023-10-15 [Sun] 09:37:25 2659: KingstBar.Value=10
2023-10-15 [Sun] 09:37:25 3443: KingstBar.Value=0
2023-10-15 [Sun] 09:37:25 3755: KingstBar.Value=10
2023-10-15 [Sun] 09:37:25 4545: KingstBar.Value=0
2023-10-15 [Sun] 09:37:25 4902: KingstBar.Value=10
2023-10-15 [Sun] 09:37:25 5636: KingstBar.Value=0
2023-10-15 [Sun] 09:37:25 5952: KingstBar.Value=10
2023-10-15 [Sun] 09:37:25 6728: KingstBar.Value=0
2023-10-15 [Sun] 09:37:25 7036: KingstBar.Value=10
2023-10-15 [Sun] 09:37:25 7822: KingstBar.Value=0
2023-10-15 [Sun] 09:37:25 8198: KingstBar.Value=10
2023-10-15 [Sun] 09:37:25 8917: KingstBar.Value=0
2023-10-15 [Sun] 09:37:25 9451: KingstBar.Value=10
2023-10-15 [Sun] 09:37:26 0020: KingstBar.Value=0
2023-10-15 [Sun] 09:37:26 0336: KingstBar.Value=10
2023-10-15 [Sun] 09:37:26 1157: KingstBar.Value=0
2023-10-15 [Sun] 09:37:26 1413: KingstBar.Value=10
2023-10-15 [Sun] 09:37:26 2188: KingstBar.Value=0
2023-10-15 [Sun] 09:37:26 2534: KingstBar.Value=10
2023-10-15 [Sun] 09:37:26 3313: KingstBar.Value=0
2023-10-15 [Sun] 09:37:26 3651: KingstBar.Value=10
2023-10-15 [Sun] 09:37:26 4388: KingstBar.Value=0
2023-10-15 [Sun] 09:37:26 4701: KingstBar.Value=10
2023-10-15 [Sun] 09:37:26 5494: KingstBar.Value=0
2023-10-15 [Sun] 09:37:26 5822: KingstBar.Value=10
2023-10-15 [Sun] 09:37:26 6573: KingstBar.Value=0
2023-10-15 [Sun] 09:37:26 6932: KingstBar.Value=10
2023-10-15 [Sun] 09:37:26 7684: KingstBar.Value=0
2023-10-15 [Sun] 09:37:26 7976: KingstBar.Value=10
2023-10-15 [Sun] 09:37:26 8793: KingstBar.Value=0
2023-10-15 [Sun] 09:37:26 9069: KingstBar.Value=10
2023-10-15 [Sun] 09:37:26 9894: KingstBar.Value=0
2023-10-15 [Sun] 09:37:27 0156: KingstBar.Value=10
2023-10-15 [Sun] 09:37:27 0945: KingstBar.Value=0
2023-10-15 [Sun] 09:37:27 1302: KingstBar.Value=10
2023-10-15 [Sun] 09:37:27 2054: KingstBar.Value=0
2023-10-15 [Sun] 09:37:27 2344: KingstBar.Value=10
2023-10-15 [Sun] 09:37:27 3137: KingstBar.Value=0
2023-10-15 [Sun] 09:37:27 3443: KingstBar.Value=10
2023-10-15 [Sun] 09:37:27 4271: KingstBar.Value=0
2023-10-15 [Sun] 09:37:27 4563: KingstBar.Value=10
2023-10-15 [Sun] 09:37:27 5331: KingstBar.Value=0
2023-10-15 [Sun] 09:37:27 5639: KingstBar.Value=10
2023-10-15 [Sun] 09:37:27 6422: KingstBar.Value=0
2023-10-15 [Sun] 09:37:27 6718: KingstBar.Value=10
2023-10-15 [Sun] 09:37:27 7565: KingstBar.Value=0
2023-10-15 [Sun] 09:37:27 7891: KingstBar.Value=10
2023-10-15 [Sun] 09:37:27 8595: KingstBar.Value=0
2023-10-15 [Sun] 09:37:27 8911: KingstBar.Value=10
2023-10-15 [Sun] 09:37:27 9707: KingstBar.Value=0
2023-10-15 [Sun] 09:37:28 0013: KingstBar.Value=10
2023-10-15 [Sun] 09:37:28 0798: KingstBar.Value=0
2023-10-15 [Sun] 09:37:28 1153: KingstBar.Value=10
2023-10-15 [Sun] 09:37:28 1891: KingstBar.Value=0
2023-10-15 [Sun] 09:37:28 2195: KingstBar.Value=10
2023-10-15 [Sun] 09:37:28 3014: KingstBar.Value=0
2023-10-15 [Sun] 09:37:28 3303: KingstBar.Value=10
2023-10-15 [Sun] 09:37:28 4080: KingstBar.Value=0
2023-10-15 [Sun] 09:37:28 4378: KingstBar.Value=10
2023-10-15 [Sun] 09:37:28 5167: KingstBar.Value=0
2023-10-15 [Sun] 09:37:28 5527: KingstBar.Value=10
2023-10-15 [Sun] 09:37:28 6290: KingstBar.Value=0
2023-10-15 [Sun] 09:37:28 6603: KingstBar.Value=10
2023-10-15 [Sun] 09:37:28 7398: KingstBar.Value=0
2023-10-15 [Sun] 09:37:28 7670: KingstBar.Value=10
2023-10-15 [Sun] 09:37:28 8451: KingstBar.Value=0
2023-10-15 [Sun] 09:37:28 8798: KingstBar.Value=10
2023-10-15 [Sun] 09:37:28 9531: KingstBar.Value=0
2023-10-15 [Sun] 09:37:28 9850: KingstBar.Value=10
2023-10-15 [Sun] 09:37:29 0640: KingstBar.Value=0
2023-10-15 [Sun] 09:37:29 0957: KingstBar.Value=10
2023-10-15 [Sun] 09:37:29 1750: KingstBar.Value=0
2023-10-15 [Sun] 09:37:29 2056: KingstBar.Value=10
2023-10-15 [Sun] 09:37:29 2837: KingstBar.Value=0
2023-10-15 [Sun] 09:37:29 3176: KingstBar.Value=10
2023-10-15 [Sun] 09:37:29 3912: KingstBar.Value=0
2023-10-15 [Sun] 09:37:29 4252: KingstBar.Value=10
2023-10-15 [Sun] 09:37:29 5000: KingstBar.Value=0
2023-10-15 [Sun] 09:37:29 5324: KingstBar.Value=10
2023-10-15 [Sun] 09:37:29 6143: KingstBar.Value=0
2023-10-15 [Sun] 09:37:29 6417: KingstBar.Value=10
2023-10-15 [Sun] 09:37:29 7201: KingstBar.Value=0
2023-10-15 [Sun] 09:37:29 7499: KingstBar.Value=10
2023-10-15 [Sun] 09:37:29 8289: KingstBar.Value=0
2023-10-15 [Sun] 09:37:29 8658: KingstBar.Value=10
2023-10-15 [Sun] 09:37:29 9393: KingstBar.Value=0
2023-10-15 [Sun] 09:37:29 9709: KingstBar.Value=10
2023-10-15 [Sun] 09:37:30 0534: KingstBar.Value=0
2023-10-15 [Sun] 09:37:30 0794: KingstBar.Value=10
2023-10-15 [Sun] 09:37:30 1590: KingstBar.Value=0
2023-10-15 [Sun] 09:37:30 1935: KingstBar.Value=10
2023-10-15 [Sun] 09:37:30 2675: KingstBar.Value=0
2023-10-15 [Sun] 09:37:30 2985: KingstBar.Value=10
2023-10-15 [Sun] 09:37:30 3763: KingstBar.Value=0
2023-10-15 [Sun] 09:37:30 4068: KingstBar.Value=10
2023-10-15 [Sun] 09:37:30 4880: KingstBar.Value=0
2023-10-15 [Sun] 09:37:30 5161: KingstBar.Value=10
2023-10-15 [Sun] 09:37:30 5957: KingstBar.Value=0
2023-10-15 [Sun] 09:37:30 6313: KingstBar.Value=10
2023-10-15 [Sun] 09:37:30 7044: KingstBar.Value=0
2023-10-15 [Sun] 09:37:30 7343: KingstBar.Value=10
2023-10-15 [Sun] 09:37:30 8138: KingstBar.Value=0
2023-10-15 [Sun] 09:37:30 8456: KingstBar.Value=10
2023-10-15 [Sun] 09:37:30 9265: KingstBar.Value=0
2023-10-15 [Sun] 09:37:30 9537: KingstBar.Value=10
2023-10-15 [Sun] 09:37:31 0319: KingstBar.Value=0
2023-10-15 [Sun] 09:37:31 0660: KingstBar.Value=10
2023-10-15 [Sun] 09:37:31 1416: KingstBar.Value=0
2023-10-15 [Sun] 09:37:31 1764: KingstBar.Value=10
2023-10-15 [Sun] 09:37:31 2574: KingstBar.Value=0
2023-10-15 [Sun] 09:37:31 2816: KingstBar.Value=10
2023-10-15 [Sun] 09:37:31 3596: KingstBar.Value=0
2023-10-15 [Sun] 09:37:31 3916: KingstBar.Value=10
2023-10-15 [Sun] 09:37:31 4705: KingstBar.Value=0
2023-10-15 [Sun] 09:37:31 5001: KingstBar.Value=10
2023-10-15 [Sun] 09:37:31 5809: KingstBar.Value=0
2023-10-15 [Sun] 09:37:31 6111: KingstBar.Value=10
2023-10-15 [Sun] 09:37:31 6911: KingstBar.Value=0
2023-10-15 [Sun] 09:37:31 7202: KingstBar.Value=10
2023-10-15 [Sun] 09:37:31 7986: KingstBar.Value=0
2023-10-15 [Sun] 09:37:31 8318: KingstBar.Value=10
2023-10-15 [Sun] 09:37:31 9067: KingstBar.Value=0
2023-10-15 [Sun] 09:37:31 9422: KingstBar.Value=10
2023-10-15 [Sun] 09:37:32 0174: KingstBar.Value=0
2023-10-15 [Sun] 09:37:32 0526: KingstBar.Value=10
2023-10-15 [Sun] 09:37:32 1307: KingstBar.Value=0
2023-10-15 [Sun] 09:37:32 1567: KingstBar.Value=10
2023-10-15 [Sun] 09:37:32 2401: KingstBar.Value=0
2023-10-15 [Sun] 09:37:32 2666: KingstBar.Value=10
2023-10-15 [Sun] 09:37:32 3452: KingstBar.Value=0
2023-10-15 [Sun] 09:37:32 3749: KingstBar.Value=10
2023-10-15 [Sun] 09:37:32 4562: KingstBar.Value=0
2023-10-15 [Sun] 09:37:32 4902: KingstBar.Value=10
2023-10-15 [Sun] 09:37:32 5631: KingstBar.Value=0
2023-10-15 [Sun] 09:37:32 5941: KingstBar.Value=10
2023-10-15 [Sun] 09:37:32 6731: KingstBar.Value=0
2023-10-15 [Sun] 09:37:32 7053: KingstBar.Value=10
2023-10-15 [Sun] 09:37:32 7816: KingstBar.Value=0
2023-10-15 [Sun] 09:37:32 8143: KingstBar.Value=10
2023-10-15 [Sun] 09:37:32 8921: KingstBar.Value=0
2023-10-15 [Sun] 09:37:32 9222: KingstBar.Value=10
2023-10-15 [Sun] 09:37:33 0019: KingstBar.Value=0
2023-10-15 [Sun] 09:37:33 0325: KingstBar.Value=10
2023-10-15 [Sun] 09:37:33 1105: KingstBar.Value=0
2023-10-15 [Sun] 09:37:33 1418: KingstBar.Value=10
2023-10-15 [Sun] 09:37:33 2226: KingstBar.Value=0
2023-10-15 [Sun] 09:37:33 2509: KingstBar.Value=10
2023-10-15 [Sun] 09:37:33 3300: KingstBar.Value=0
2023-10-15 [Sun] 09:37:33 3594: KingstBar.Value=10
2023-10-15 [Sun] 09:37:33 4438: KingstBar.Value=0
2023-10-15 [Sun] 09:37:33 4692: KingstBar.Value=10
2023-10-15 [Sun] 09:37:33 5483: KingstBar.Value=0
2023-10-15 [Sun] 09:37:33 5825: KingstBar.Value=10
2023-10-15 [Sun] 09:37:33 6580: KingstBar.Value=0
2023-10-15 [Sun] 09:37:33 6895: KingstBar.Value=10
2023-10-15 [Sun] 09:37:33 7678: KingstBar.Value=0
2023-10-15 [Sun] 09:37:33 7998: KingstBar.Value=10
2023-10-15 [Sun] 09:37:33 8808: KingstBar.Value=0
2023-10-15 [Sun] 09:37:33 9066: KingstBar.Value=10
2023-10-15 [Sun] 09:37:33 9879: KingstBar.Value=0
2023-10-15 [Sun] 09:37:34 0160: KingstBar.Value=10
2023-10-15 [Sun] 09:37:34 0953: KingstBar.Value=0
2023-10-15 [Sun] 09:37:34 1315: KingstBar.Value=10
2023-10-15 [Sun] 09:37:34 2070: KingstBar.Value=0
2023-10-15 [Sun] 09:37:34 2402: KingstBar.Value=10
2023-10-15 [Sun] 09:37:34 3193: KingstBar.Value=0
2023-10-15 [Sun] 09:37:34 3438: KingstBar.Value=10
2023-10-15 [Sun] 09:37:34 4250: KingstBar.Value=0
2023-10-15 [Sun] 09:37:34 4562: KingstBar.Value=10
2023-10-15 [Sun] 09:37:34 5388: KingstBar.Value=0
2023-10-15 [Sun] 09:37:34 5629: KingstBar.Value=10
2023-10-15 [Sun] 09:37:34 6415: KingstBar.Value=0
2023-10-15 [Sun] 09:41:28 9270: V0.04
2023-10-15 [Sun] 09:41:33 9929: [kingst_click] D:\code\git_code\C#\Nice\Nice\bin\Debug\standard_kingst.txt
2023-10-15 [Sun] 09:41:34 0992: KingstBar.Value=0
2023-10-15 [Sun] 09:41:34 1278: V0.04
2023-10-15 [Sun] 09:41:45 2800: KingstBar.Value=0
2023-10-15 [Sun] 09:43:14 1757: V0.04
2023-10-15 [Sun] 09:43:18 7652: [kingst_click] D:\code\git_code\C#\Nice\Nice\bin\Debug\standard_kingst.txt
2023-10-15 [Sun] 09:43:18 8783: KingstBar.Value=0
2023-10-15 [Sun] 09:43:18 8910: V0.04
2023-10-15 [Sun] 09:43:18 9906: KingstBar.Value=0
2023-10-15 [Sun] 09:43:19 0939: KingstBar.Value=0
2023-10-15 [Sun] 09:43:19 2033: KingstBar.Value=0
2023-10-15 [Sun] 09:43:19 3197: KingstBar.Value=0
2023-10-15 [Sun] 09:43:19 4271: KingstBar.Value=0
2023-10-15 [Sun] 09:43:19 5337: KingstBar.Value=0
2023-10-15 [Sun] 09:43:19 6406: KingstBar.Value=0
2023-10-15 [Sun] 09:43:19 7564: KingstBar.Value=0
2023-10-15 [Sun] 09:43:19 8644: KingstBar.Value=0
2023-10-15 [Sun] 09:43:19 9699: KingstBar.Value=0
2023-10-15 [Sun] 09:43:20 0797: KingstBar.Value=0
2023-10-15 [Sun] 09:43:20 1875: KingstBar.Value=0
2023-10-15 [Sun] 09:43:20 2979: KingstBar.Value=0
2023-10-15 [Sun] 09:43:20 4072: KingstBar.Value=0
2023-10-15 [Sun] 09:43:20 5183: KingstBar.Value=0
2023-10-15 [Sun] 09:43:20 6315: KingstBar.Value=0
2023-10-15 [Sun] 09:43:20 7414: KingstBar.Value=0
2023-10-15 [Sun] 09:43:20 8461: KingstBar.Value=0
2023-10-15 [Sun] 09:43:20 9552: KingstBar.Value=0
2023-10-15 [Sun] 09:43:21 0676: KingstBar.Value=0
2023-10-15 [Sun] 09:43:21 1753: KingstBar.Value=0
2023-10-15 [Sun] 09:43:21 2842: KingstBar.Value=0
2023-10-15 [Sun] 09:43:21 3906: KingstBar.Value=0
2023-10-15 [Sun] 09:43:21 5041: KingstBar.Value=0
2023-10-15 [Sun] 09:43:21 6158: KingstBar.Value=0
2023-10-15 [Sun] 09:43:21 7194: KingstBar.Value=0
2023-10-15 [Sun] 09:43:21 8307: KingstBar.Value=0
2023-10-15 [Sun] 09:43:21 9386: KingstBar.Value=0
2023-10-15 [Sun] 09:43:22 0477: KingstBar.Value=0
2023-10-15 [Sun] 09:43:22 1567: KingstBar.Value=0
2023-10-15 [Sun] 09:43:22 2672: KingstBar.Value=0
2023-10-15 [Sun] 09:43:22 3814: KingstBar.Value=0
2023-10-15 [Sun] 09:43:22 4852: KingstBar.Value=0
2023-10-15 [Sun] 09:43:22 5952: KingstBar.Value=0
2023-10-15 [Sun] 09:43:22 7032: KingstBar.Value=0
2023-10-15 [Sun] 09:43:22 8125: KingstBar.Value=0
2023-10-15 [Sun] 09:43:22 9305: KingstBar.Value=0
2023-10-15 [Sun] 09:43:23 0328: KingstBar.Value=0
2023-10-15 [Sun] 09:43:23 1420: KingstBar.Value=0
2023-10-15 [Sun] 09:43:23 2508: KingstBar.Value=0
2023-10-15 [Sun] 09:43:23 3596: KingstBar.Value=0
2023-10-15 [Sun] 09:43:23 4697: KingstBar.Value=0
2023-10-15 [Sun] 09:43:23 5794: KingstBar.Value=0
2023-10-15 [Sun] 09:43:23 6904: KingstBar.Value=0
2023-10-15 [Sun] 09:43:23 7973: KingstBar.Value=0
2023-10-15 [Sun] 09:43:23 9125: KingstBar.Value=0
2023-10-15 [Sun] 09:43:24 0166: KingstBar.Value=0
2023-10-15 [Sun] 09:43:24 1281: KingstBar.Value=0
2023-10-15 [Sun] 09:43:24 2344: KingstBar.Value=0
2023-10-15 [Sun] 09:43:24 3447: KingstBar.Value=0
2023-10-15 [Sun] 09:43:24 4548: KingstBar.Value=0
2023-10-15 [Sun] 09:43:24 5638: KingstBar.Value=0
2023-10-15 [Sun] 09:43:24 6797: KingstBar.Value=0
2023-10-15 [Sun] 09:43:24 7824: KingstBar.Value=0
2023-10-15 [Sun] 09:48:26 8648: V0.04
2023-10-15 [Sun] 09:48:33 6960: [kingst_click] D:\code\git_code\C#\Nice\Nice\bin\Debug\standard_kingst.txt
2023-10-15 [Sun] 09:48:33 8001: KingstBar.Value=0
2023-10-15 [Sun] 09:48:33 8305: V0.04
2023-10-15 [Sun] 09:48:33 9087: KingstBar.Value=0
2023-10-15 [Sun] 09:48:34 0174: KingstBar.Value=0
2023-10-15 [Sun] 09:48:34 1286: KingstBar.Value=0
2023-10-15 [Sun] 09:48:34 2399: KingstBar.Value=0
2023-10-15 [Sun] 09:48:34 3441: KingstBar.Value=0
2023-10-15 [Sun] 09:48:34 4571: KingstBar.Value=0
2023-10-15 [Sun] 09:48:34 5661: KingstBar.Value=0
2023-10-15 [Sun] 09:48:34 6723: KingstBar.Value=0
2023-10-15 [Sun] 09:48:34 7833: KingstBar.Value=0
2023-10-15 [Sun] 09:48:34 8928: KingstBar.Value=0
2023-10-15 [Sun] 09:48:35 0065: KingstBar.Value=0
2023-10-15 [Sun] 09:48:35 1094: KingstBar.Value=0
2023-10-15 [Sun] 09:48:35 2199: KingstBar.Value=0
2023-10-15 [Sun] 09:48:35 3293: KingstBar.Value=0
2023-10-15 [Sun] 09:48:35 4406: KingstBar.Value=0
2023-10-15 [Sun] 09:48:35 5509: KingstBar.Value=0
2023-10-15 [Sun] 09:48:35 6566: KingstBar.Value=0
2023-10-15 [Sun] 09:48:35 7667: KingstBar.Value=0
2023-10-15 [Sun] 09:48:35 8781: KingstBar.Value=0
2023-10-15 [Sun] 09:48:35 9878: KingstBar.Value=0
2023-10-15 [Sun] 09:48:36 0944: KingstBar.Value=0
2023-10-15 [Sun] 09:48:36 2051: KingstBar.Value=0
2023-10-15 [Sun] 09:48:36 3128: KingstBar.Value=0
2023-10-15 [Sun] 09:48:36 4266: KingstBar.Value=0
2023-10-15 [Sun] 09:48:36 5328: KingstBar.Value=0
2023-10-15 [Sun] 09:48:36 6414: KingstBar.Value=0
2023-10-15 [Sun] 09:48:36 7539: KingstBar.Value=0
2023-10-15 [Sun] 09:48:36 8607: KingstBar.Value=0
2023-10-15 [Sun] 09:48:36 9697: KingstBar.Value=0
2023-10-15 [Sun] 09:48:37 0811: KingstBar.Value=0
2023-10-15 [Sun] 09:48:37 1884: KingstBar.Value=0
2023-10-15 [Sun] 09:48:37 2989: KingstBar.Value=0
2023-10-15 [Sun] 09:48:37 4080: KingstBar.Value=0
2023-10-15 [Sun] 09:48:37 5175: KingstBar.Value=0
2023-10-15 [Sun] 09:48:37 6302: KingstBar.Value=0
2023-10-15 [Sun] 09:48:37 7354: KingstBar.Value=0
2023-10-15 [Sun] 09:48:37 8450: KingstBar.Value=0
2023-10-15 [Sun] 09:48:37 9534: KingstBar.Value=0
2023-10-15 [Sun] 09:48:38 0660: KingstBar.Value=0
2023-10-15 [Sun] 09:48:38 1727: KingstBar.Value=0
2023-10-15 [Sun] 09:48:38 2828: KingstBar.Value=0
2023-10-15 [Sun] 09:48:38 3918: KingstBar.Value=0
2023-10-15 [Sun] 09:48:38 5052: KingstBar.Value=0
2023-10-15 [Sun] 09:48:38 6106: KingstBar.Value=0
2023-10-15 [Sun] 09:48:38 7194: KingstBar.Value=0
2023-10-15 [Sun] 09:48:38 8302: KingstBar.Value=0
2023-10-15 [Sun] 09:48:38 9424: KingstBar.Value=0
2023-10-15 [Sun] 09:48:39 0501: KingstBar.Value=0
2023-10-15 [Sun] 09:48:39 1573: KingstBar.Value=0
2023-10-15 [Sun] 09:48:39 2680: KingstBar.Value=0
2023-10-15 [Sun] 09:48:39 3768: KingstBar.Value=0
2023-10-15 [Sun] 09:48:39 4854: KingstBar.Value=0
2023-10-15 [Sun] 09:48:39 5956: KingstBar.Value=0
2023-10-15 [Sun] 09:48:39 7067: KingstBar.Value=0
2023-10-15 [Sun] 09:48:39 8143: KingstBar.Value=0
2023-10-15 [Sun] 09:48:39 9218: KingstBar.Value=0
2023-10-15 [Sun] 09:48:40 0333: KingstBar.Value=0
2023-10-15 [Sun] 09:48:40 1409: KingstBar.Value=0
2023-10-15 [Sun] 09:48:40 2550: KingstBar.Value=0
2023-10-15 [Sun] 09:48:56 4725: V0.04
2023-10-15 [Sun] 09:49:06 3886: [kingst_click] D:\code\git_code\C#\Nice\Nice\bin\Debug\standard_kingst.txt
2023-10-15 [Sun] 09:49:06 5184: V0.04
2023-10-15 [Sun] 09:49:35 2352: V0.04
2023-10-15 [Sun] 09:49:42 2382: [kingst_click] D:\code\git_code\C#\Nice\Nice\bin\Debug\standard_kingst.txt
2023-10-15 [Sun] 09:49:42 3449: KingstBar.Value=0
2023-10-15 [Sun] 09:49:42 3766: V0.04
2023-10-15 [Sun] 09:49:42 4564: KingstBar.Value=0
2023-10-15 [Sun] 09:49:42 5693: KingstBar.Value=0
2023-10-15 [Sun] 09:49:42 6731: KingstBar.Value=0
2023-10-15 [Sun] 09:49:42 7843: KingstBar.Value=0
2023-10-15 [Sun] 09:49:42 8919: KingstBar.Value=0
2023-10-15 [Sun] 09:49:43 0043: KingstBar.Value=0
2023-10-15 [Sun] 09:49:43 1107: KingstBar.Value=0
2023-10-15 [Sun] 09:49:43 2190: KingstBar.Value=0
2023-10-15 [Sun] 09:49:43 3335: KingstBar.Value=0
2023-10-15 [Sun] 09:49:43 4396: KingstBar.Value=0
2023-10-15 [Sun] 09:49:43 5514: KingstBar.Value=0
2023-10-15 [Sun] 09:49:43 6576: KingstBar.Value=0
2023-10-15 [Sun] 09:49:43 7678: KingstBar.Value=0
2023-10-15 [Sun] 09:49:43 8795: KingstBar.Value=0
2023-10-15 [Sun] 09:49:43 9850: KingstBar.Value=0
2023-10-15 [Sun] 09:49:44 0939: KingstBar.Value=0
2023-10-15 [Sun] 09:49:44 2036: KingstBar.Value=0
2023-10-15 [Sun] 09:49:44 3144: KingstBar.Value=0
2023-10-15 [Sun] 09:49:44 4232: KingstBar.Value=0
2023-10-15 [Sun] 09:49:44 5335: KingstBar.Value=0
2023-10-15 [Sun] 09:49:44 6421: KingstBar.Value=0
2023-10-15 [Sun] 09:49:44 7501: KingstBar.Value=0
2023-10-15 [Sun] 09:49:44 8598: KingstBar.Value=0
2023-10-15 [Sun] 09:49:44 9692: KingstBar.Value=0
2023-10-15 [Sun] 09:49:45 0819: KingstBar.Value=0
2023-10-15 [Sun] 09:49:45 1889: KingstBar.Value=0
2023-10-15 [Sun] 09:49:45 3010: KingstBar.Value=0
2023-10-15 [Sun] 09:49:45 4076: KingstBar.Value=0
2023-10-15 [Sun] 09:49:45 5158: KingstBar.Value=0
2023-10-15 [Sun] 09:49:45 6260: KingstBar.Value=0
2023-10-15 [Sun] 09:49:45 7351: KingstBar.Value=0
2023-10-15 [Sun] 09:49:45 8463: KingstBar.Value=0
2023-10-15 [Sun] 09:49:45 9591: KingstBar.Value=0
2023-10-15 [Sun] 09:49:46 0645: KingstBar.Value=0
2023-10-15 [Sun] 09:49:46 1769: KingstBar.Value=0
2023-10-15 [Sun] 09:49:46 2813: KingstBar.Value=0
2023-10-15 [Sun] 09:49:46 3924: KingstBar.Value=0
2023-10-15 [Sun] 09:49:46 5021: KingstBar.Value=0
2023-10-15 [Sun] 09:49:46 6144: KingstBar.Value=0
2023-10-15 [Sun] 09:49:46 7220: KingstBar.Value=0
2023-10-15 [Sun] 09:49:46 8299: KingstBar.Value=0
2023-10-15 [Sun] 09:49:46 9407: KingstBar.Value=0
2023-10-15 [Sun] 09:49:47 0487: KingstBar.Value=0
2023-10-15 [Sun] 09:49:47 1594: KingstBar.Value=0
2023-10-15 [Sun] 09:49:47 2675: KingstBar.Value=0
2023-10-15 [Sun] 09:49:47 3767: KingstBar.Value=0
2023-10-15 [Sun] 09:49:47 4857: KingstBar.Value=0
2023-10-15 [Sun] 09:49:47 5943: KingstBar.Value=0
2023-10-15 [Sun] 09:49:47 7036: KingstBar.Value=0
2023-10-15 [Sun] 09:49:47 8159: KingstBar.Value=0
2023-10-15 [Sun] 09:49:47 9218: KingstBar.Value=0
2023-10-15 [Sun] 09:49:48 0329: KingstBar.Value=0
2023-10-15 [Sun] 09:49:48 1417: KingstBar.Value=0
2023-10-15 [Sun] 09:49:48 2522: KingstBar.Value=0
2023-10-15 [Sun] 09:49:48 3610: KingstBar.Value=0
2023-10-15 [Sun] 09:49:48 4691: KingstBar.Value=0
2023-10-15 [Sun] 09:49:48 5848: KingstBar.Value=0
2023-10-15 [Sun] 09:49:48 6888: KingstBar.Value=0
2023-10-15 [Sun] 09:49:48 8015: KingstBar.Value=0
2023-10-15 [Sun] 09:49:48 9079: KingstBar.Value=0
2023-10-15 [Sun] 09:52:27 1022: V0.04
2023-10-15 [Sun] 09:52:28 4560: [kingst_click] 请输入文件路径,如：E:\config.txt
2023-10-15 [Sun] 09:52:28 4847: V0.04
2023-10-15 [Sun] 09:52:29 4874: [TransformFuncEntry] check path err
2023-10-15 [Sun] 09:52:49 0848: [kingst_click] D:\code\git_code\C#\Nice\Nice\bin\Debug\standard_kingst.txt
2023-10-15 [Sun] 09:52:49 1224: V0.04
2023-10-15 [Sun] 09:54:28 6736: V0.04
2023-10-15 [Sun] 09:54:33 0575: [kingst_click] D:\code\git_code\C#\Nice\Nice\bin\Debug\standard_kingst.txt
2023-10-15 [Sun] 09:54:33 0884: V0.04
2023-10-15 [Sun] 09:55:45 7766: V0.04
2023-10-15 [Sun] 09:55:47 5948: [kingst_click] 请输入文件路径,如：E:\config.txt
2023-10-15 [Sun] 09:55:47 6298: V0.04
2023-10-15 [Sun] 09:55:48 8962: [TransformFuncEntry] check path err
2023-10-15 [Sun] 09:57:48 5677: V0.04
2023-10-15 [Sun] 09:57:53 6034: [kingst_click] D:\code\git_code\C#\Nice\Nice\bin\Debug\standard_kingst.txt
2023-10-15 [Sun] 09:57:53 7298: V0.04
2023-10-15 [Sun] 10:01:08 7461: V0.04
2023-10-15 [Sun] 10:01:16 9146: [kingst_click] D:\code\git_code\C#\Nice\Nice\bin\Debug\standard_kingst.txt
2023-10-15 [Sun] 10:01:17 0450: V0.04
2023-10-15 [Sun] 10:03:39 4164: V0.04
2023-10-15 [Sun] 10:03:44 1432: [kingst_click] D:\code\git_code\C#\Nice\Nice\bin\Debug\standard_kingst.txt
2023-10-15 [Sun] 10:03:44 2657: V0.04
2023-10-15 [Sun] 10:05:19 0381: V0.04
2023-10-15 [Sun] 10:07:01 5356: V0.04
2023-10-15 [Sun] 10:07:06 2839: [kingst_click] D:\code\git_code\C#\Nice\Nice\bin\Debug\standard_kingst.txt
2023-10-15 [Sun] 10:07:06 4074: V0.04
2023-10-15 [Sun] 10:08:58 2950: [kingst_click] D:\code\git_code\C#\Nice\Nice\bin\Debug\standard_kingst.txt
2023-10-15 [Sun] 10:08:58 4414: V0.04
2023-10-15 [Sun] 10:11:28 4248: V0.04
2023-10-15 [Sun] 10:11:36 5911: [kingst_click] D:\code\git_code\C#\Nice\Nice\bin\Debug\standard_kingst.txt
2023-10-15 [Sun] 10:11:36 7614: V0.04
2023-10-15 [Sun] 10:13:26 9681: V0.04
2023-10-15 [Sun] 10:13:31 5877: [kingst_click] D:\code\git_code\C#\Nice\Nice\bin\Debug\standard_kingst.txt
2023-10-15 [Sun] 10:13:31 7140: V0.04
2023-10-15 [Sun] 10:14:02 4045: [kingst_click] D:\code\git_code\C#\Nice\Nice\bin\Debug\standard_kingst.txt
2023-10-15 [Sun] 10:14:02 5759: V0.04
2023-10-15 [Sun] 10:15:20 5343: V0.04
2023-10-15 [Sun] 10:15:27 0235: [kingst_click] D:\code\git_code\C#\Nice\Nice\bin\Debug\standard_kingst.txt
2023-10-15 [Sun] 10:15:27 1476: V0.04
2023-10-15 [Sun] 10:18:21 7609: V0.04
2023-10-15 [Sun] 10:18:27 8345: [kingst_click] D:\code\git_code\C#\Nice\Nice\bin\Debug\standard_kingst.txt
2023-10-15 [Sun] 10:18:36 1109: V0.04
2023-10-15 [Sun] 10:19:52 4288: V0.04
2023-10-15 [Sun] 10:19:57 9680: [kingst_click] D:\code\git_code\C#\Nice\Nice\bin\Debug\standard_kingst.txt
2023-10-15 [Sun] 10:19:58 0937: V0.04
2023-10-15 [Sun] 10:22:00 5013: V0.04
2023-10-15 [Sun] 10:22:06 5757: [kingst_click] D:\code\git_code\C#\Nice\Nice\bin\Debug\standard_kingst.txt
2023-10-15 [Sun] 10:22:06 6993: V0.04
2023-10-15 [Sun] 10:22:48 0835: V0.04
2023-10-15 [Sun] 10:22:54 4699: [kingst_click] D:\code\git_code\C#\Nice\Nice\bin\Debug\standard_kingst.txt
2023-10-15 [Sun] 10:22:54 5968: V0.04
2023-10-15 [Sun] 10:23:24 0177: [kingst_click] D:\code\git_code\C#\Nice\Nice\bin\Debug\standard_kingst.txt
2023-10-15 [Sun] 10:23:24 1810: V0.04
2023-10-15 [Sun] 10:23:42 1905: V0.04
2023-10-15 [Sun] 10:23:46 8261: [kingst_click] D:\code\git_code\C#\Nice\Nice\bin\Debug\standard_DSView.txt
2023-10-15 [Sun] 10:23:56 8256: V0.04
2023-10-15 [Sun] 10:25:23 5552: V0.04
2023-10-15 [Sun] 10:25:28 2294: [kingst_click] D:\code\git_code\C#\Nice\Nice\bin\Debug\standard_DSView.txt
2023-10-15 [Sun] 10:25:28 3531: V0.04
2023-10-15 [Sun] 10:25:49 0768: [kingst_click] D:\code\git_code\C#\Nice\Nice\bin\Debug\standard_DSView.txt
2023-10-15 [Sun] 10:25:49 2415: V0.04
2023-10-15 [Sun] 10:25:58 0272: V0.04
2023-10-15 [Sun] 10:26:13 6024: [kingst_click] D:\code\git_code\C#\Nice\Nice\bin\Debug\standard_kingst.txt
2023-10-15 [Sun] 10:26:13 7305: V0.04
2023-10-15 [Sun] 10:27:29 5501: V0.04
2023-10-15 [Sun] 10:27:34 2217: [kingst_click] D:\code\git_code\C#\Nice\Nice\bin\Debug\standard_kingst.txt
2023-10-15 [Sun] 10:27:34 3466: V0.04
2023-10-15 [Sun] 10:28:37 1979: V0.04
2023-10-15 [Sun] 10:28:41 2102: [kingst_click] D:\code\git_code\C#\Nice\Nice\bin\Debug\standard_kingst.txt
2023-10-15 [Sun] 10:28:41 3352: V0.04
2023-10-15 [Sun] 10:29:27 3290: V0.04
2023-10-15 [Sun] 10:29:36 3435: [kingst_click] D:\code\git_code\C#\Nice\Nice\bin\Debug\standard_kingst.txt
2023-10-15 [Sun] 10:29:36 4669: V0.04
2023-10-15 [Sun] 10:30:29 8688: V0.04
2023-10-15 [Sun] 10:30:34 1761: [kingst_click] D:\code\git_code\C#\Nice\Nice\bin\Debug\standard_kingst.txt
2023-10-15 [Sun] 10:30:34 3033: V0.04
2023-10-15 [Sun] 10:30:58 3808: [kingst_click] 请输入文件路径,如：E:\config.txt
2023-10-15 [Sun] 10:30:58 5038: V0.04
2023-10-15 [Sun] 10:30:59 8064: [TransformFuncEntry] check path err
